<?xml version="1.0" encoding="UTF-8"?>
<testsuite xmlns:xsi="http://www.w3.org/2001/XMLSchema-instance" xsi:noNamespaceSchemaLocation="https://maven.apache.org/surefire/maven-surefire-plugin/xsd/surefire-test-report-3.0.xsd" version="3.0" name="arkanoid.GameStateScoreTest" time="0.014" tests="5" errors="0" skipped="0" failures="0">
  <properties>
[...]
</properties>
  <testcase name="changeMultiplier_thenAffectsOnlySubsequentAdds" classname="arkanoid.GameStateScoreTest" time="0.002"/>
  <testcase name="resetMultiplierTo1_thenAddNormal" classname="arkanoid.GameStateScoreTest" time="0.001"/>
  <testcase name="multipleAdds_accumulate" classname="arkanoid.GameStateScoreTest" time="0.002"/>
  <testcase name="addZeroPoints_noChange" classname="arkanoid.GameStateScoreTest" time="0.002"/>
  <testcase name="defaultMultiplierIs1_add100_equals100" classname="arkanoid.GameStateScoreTest" time="0.001"/>
</testsuite>